<?xml version="1.0" encoding="UTF-8"?>
<!-- Generated by org.testng.reporters.JUnitReportReporter -->
<testsuite hostname="DESKTOP-L1TJJR1" failures="0" tests="1" name="com.restassured.SumValidation" time="1.750" errors="0" timestamp="16 Dec 2022 12:08:49 GMT" skipped="0">
  <testcase classname="com.restassured.SumValidation" name="sumOfCourses" time="1.750"/>
</testsuite> <!-- com.restassured.SumValidation -->
