<?xml version="1.0" encoding="UTF-8"?>
<!-- Generated by org.testng.reporters.JUnitReportReporter -->
<testsuite hostname="DESKTOP-L1TJJR1" failures="0" tests="1" name="com.framework.GetRequest" time="3.507" errors="0" timestamp="2023-02-16T17:46:06 IST" skipped="0">
  <testcase classname="com.framework.GetRequest" name="test_01" time="3.507"/>
  <system-out/>
</testsuite> <!-- com.framework.GetRequest -->
